mode: set
github.com/lastnameswayne/mininearestneighbors/src/hnsw/hnsw.go:27.42,29.35 2 1
github.com/lastnameswayne/mininearestneighbors/src/hnsw/hnsw.go:29.35,31.3 1 1
github.com/lastnameswayne/mininearestneighbors/src/hnsw/hnsw.go:32.2,35.3 1 1
github.com/lastnameswayne/mininearestneighbors/src/hnsw/hnsw.go:38.47,40.16 2 1
github.com/lastnameswayne/mininearestneighbors/src/hnsw/hnsw.go:40.16,42.3 1 0
github.com/lastnameswayne/mininearestneighbors/src/hnsw/hnsw.go:43.2,43.17 1 1
github.com/lastnameswayne/mininearestneighbors/src/hnsw/hnsw.go:46.51,49.16 3 1
github.com/lastnameswayne/mininearestneighbors/src/hnsw/hnsw.go:49.16,51.3 1 0
github.com/lastnameswayne/mininearestneighbors/src/hnsw/hnsw.go:52.2,52.18 1 1
github.com/lastnameswayne/mininearestneighbors/src/hnsw/hnsw.go:55.46,58.16 2 1
github.com/lastnameswayne/mininearestneighbors/src/hnsw/hnsw.go:58.16,60.3 1 0
github.com/lastnameswayne/mininearestneighbors/src/hnsw/hnsw.go:61.2,64.16 3 1
github.com/lastnameswayne/mininearestneighbors/src/hnsw/hnsw.go:64.16,66.3 1 0
github.com/lastnameswayne/mininearestneighbors/src/hnsw/hnsw.go:68.2,68.26 1 1
github.com/lastnameswayne/mininearestneighbors/src/hnsw/hnsw.go:71.72,81.27 5 0
github.com/lastnameswayne/mininearestneighbors/src/hnsw/hnsw.go:81.27,85.3 3 0
github.com/lastnameswayne/mininearestneighbors/src/hnsw/hnsw.go:86.2,92.31 5 0
github.com/lastnameswayne/mininearestneighbors/src/hnsw/hnsw.go:92.31,94.3 1 0
github.com/lastnameswayne/mininearestneighbors/src/hnsw/hnsw.go:95.2,95.12 1 0
github.com/lastnameswayne/mininearestneighbors/src/hnsw/hnsw.go:98.87,109.33 8 1
github.com/lastnameswayne/mininearestneighbors/src/hnsw/hnsw.go:109.33,113.3 3 1
github.com/lastnameswayne/mininearestneighbors/src/hnsw/hnsw.go:115.2,115.30 1 1
github.com/lastnameswayne/mininearestneighbors/src/hnsw/hnsw.go:115.30,121.31 5 1
github.com/lastnameswayne/mininearestneighbors/src/hnsw/hnsw.go:121.31,125.4 3 1
github.com/lastnameswayne/mininearestneighbors/src/hnsw/hnsw.go:127.3,127.31 1 1
github.com/lastnameswayne/mininearestneighbors/src/hnsw/hnsw.go:127.31,129.32 2 1
github.com/lastnameswayne/mininearestneighbors/src/hnsw/hnsw.go:129.32,133.5 2 0
github.com/lastnameswayne/mininearestneighbors/src/hnsw/hnsw.go:136.2,136.18 1 1
github.com/lastnameswayne/mininearestneighbors/src/hnsw/hnsw.go:136.18,139.3 2 1
github.com/lastnameswayne/mininearestneighbors/src/hnsw/hnsw.go:140.2,140.13 1 1
github.com/lastnameswayne/mininearestneighbors/src/hnsw/hnsw.go:144.102,149.28 4 1
github.com/lastnameswayne/mininearestneighbors/src/hnsw/hnsw.go:149.28,153.44 3 1
github.com/lastnameswayne/mininearestneighbors/src/hnsw/hnsw.go:153.44,154.9 1 0
github.com/lastnameswayne/mininearestneighbors/src/hnsw/hnsw.go:157.3,158.41 2 1
github.com/lastnameswayne/mininearestneighbors/src/hnsw/hnsw.go:158.41,159.37 1 1
github.com/lastnameswayne/mininearestneighbors/src/hnsw/hnsw.go:159.37,160.13 1 1
github.com/lastnameswayne/mininearestneighbors/src/hnsw/hnsw.go:163.4,168.57 4 1
github.com/lastnameswayne/mininearestneighbors/src/hnsw/hnsw.go:168.57,172.26 3 1
github.com/lastnameswayne/mininearestneighbors/src/hnsw/hnsw.go:172.26,174.6 1 1
github.com/lastnameswayne/mininearestneighbors/src/hnsw/hnsw.go:179.2,179.10 1 1
github.com/lastnameswayne/mininearestneighbors/src/hnsw/hnsw.go:183.104,192.2 5 1
github.com/lastnameswayne/mininearestneighbors/src/hnsw/hnsw.go:193.82,195.23 2 1
github.com/lastnameswayne/mininearestneighbors/src/hnsw/hnsw.go:195.23,198.3 2 1
github.com/lastnameswayne/mininearestneighbors/src/hnsw/hnsw.go:200.2,200.43 1 1
github.com/lastnameswayne/mininearestneighbors/src/hnsw/hnsw.go:200.43,202.3 1 1
github.com/lastnameswayne/mininearestneighbors/src/hnsw/hnsw.go:204.2,204.41 1 1
github.com/lastnameswayne/mininearestneighbors/src/hnsw/hnsw.go:207.50,212.15 4 1
github.com/lastnameswayne/mininearestneighbors/src/hnsw/hnsw.go:212.15,214.3 1 0
github.com/lastnameswayne/mininearestneighbors/src/hnsw/hnsw.go:216.2,216.19 1 1
github.com/lastnameswayne/mininearestneighbors/src/hnsw/hnsw.go:219.37,222.2 2 1
github.com/lastnameswayne/mininearestneighbors/src/hnsw/hnsw.go:224.57,227.29 2 1
github.com/lastnameswayne/mininearestneighbors/src/hnsw/hnsw.go:227.29,229.3 1 1
github.com/lastnameswayne/mininearestneighbors/src/hnsw/hnsw.go:231.2,231.12 1 1
github.com/lastnameswayne/mininearestneighbors/src/hnsw/hnsw.go:234.77,236.37 2 0
github.com/lastnameswayne/mininearestneighbors/src/hnsw/hnsw.go:236.37,238.3 1 0
github.com/lastnameswayne/mininearestneighbors/src/hnsw/hnsw.go:240.2,240.33 1 0
github.com/lastnameswayne/mininearestneighbors/src/hnsw/hnsw.go:240.33,242.3 1 0
github.com/lastnameswayne/mininearestneighbors/src/hnsw/hnsw.go:245.90,248.43 2 0
github.com/lastnameswayne/mininearestneighbors/src/hnsw/hnsw.go:248.43,250.3 1 0
github.com/lastnameswayne/mininearestneighbors/src/hnsw/hnsw.go:252.2,252.41 1 0
