mode: set
github.com/lastnameswayne/mininearestneighbors/src/hnsw/hnsw.go:26.42,28.35 2 1
github.com/lastnameswayne/mininearestneighbors/src/hnsw/hnsw.go:28.35,30.3 1 1
github.com/lastnameswayne/mininearestneighbors/src/hnsw/hnsw.go:31.2,34.3 1 1
github.com/lastnameswayne/mininearestneighbors/src/hnsw/hnsw.go:37.47,39.16 2 1
github.com/lastnameswayne/mininearestneighbors/src/hnsw/hnsw.go:39.16,41.3 1 0
github.com/lastnameswayne/mininearestneighbors/src/hnsw/hnsw.go:42.2,42.17 1 1
github.com/lastnameswayne/mininearestneighbors/src/hnsw/hnsw.go:45.51,48.16 3 1
github.com/lastnameswayne/mininearestneighbors/src/hnsw/hnsw.go:48.16,50.3 1 0
github.com/lastnameswayne/mininearestneighbors/src/hnsw/hnsw.go:51.2,51.18 1 1
github.com/lastnameswayne/mininearestneighbors/src/hnsw/hnsw.go:54.46,57.16 2 1
github.com/lastnameswayne/mininearestneighbors/src/hnsw/hnsw.go:57.16,59.3 1 0
github.com/lastnameswayne/mininearestneighbors/src/hnsw/hnsw.go:60.2,63.16 3 1
github.com/lastnameswayne/mininearestneighbors/src/hnsw/hnsw.go:63.16,65.3 1 0
github.com/lastnameswayne/mininearestneighbors/src/hnsw/hnsw.go:67.2,67.26 1 1
github.com/lastnameswayne/mininearestneighbors/src/hnsw/hnsw.go:70.72,80.27 5 1
github.com/lastnameswayne/mininearestneighbors/src/hnsw/hnsw.go:80.27,84.3 3 1
github.com/lastnameswayne/mininearestneighbors/src/hnsw/hnsw.go:85.2,90.31 4 1
github.com/lastnameswayne/mininearestneighbors/src/hnsw/hnsw.go:90.31,92.3 1 1
github.com/lastnameswayne/mininearestneighbors/src/hnsw/hnsw.go:93.2,93.12 1 1
github.com/lastnameswayne/mininearestneighbors/src/hnsw/hnsw.go:96.87,107.33 8 1
github.com/lastnameswayne/mininearestneighbors/src/hnsw/hnsw.go:107.33,111.3 3 1
github.com/lastnameswayne/mininearestneighbors/src/hnsw/hnsw.go:113.2,113.30 1 1
github.com/lastnameswayne/mininearestneighbors/src/hnsw/hnsw.go:113.30,119.31 5 1
github.com/lastnameswayne/mininearestneighbors/src/hnsw/hnsw.go:119.31,123.4 3 1
github.com/lastnameswayne/mininearestneighbors/src/hnsw/hnsw.go:125.3,125.31 1 1
github.com/lastnameswayne/mininearestneighbors/src/hnsw/hnsw.go:125.31,127.32 2 1
github.com/lastnameswayne/mininearestneighbors/src/hnsw/hnsw.go:127.32,131.5 2 0
github.com/lastnameswayne/mininearestneighbors/src/hnsw/hnsw.go:134.2,134.18 1 1
github.com/lastnameswayne/mininearestneighbors/src/hnsw/hnsw.go:134.18,137.3 2 0
github.com/lastnameswayne/mininearestneighbors/src/hnsw/hnsw.go:138.2,138.13 1 1
github.com/lastnameswayne/mininearestneighbors/src/hnsw/hnsw.go:142.102,147.28 4 1
github.com/lastnameswayne/mininearestneighbors/src/hnsw/hnsw.go:147.28,151.44 3 1
github.com/lastnameswayne/mininearestneighbors/src/hnsw/hnsw.go:151.44,152.9 1 0
github.com/lastnameswayne/mininearestneighbors/src/hnsw/hnsw.go:155.3,156.41 2 1
github.com/lastnameswayne/mininearestneighbors/src/hnsw/hnsw.go:156.41,157.37 1 1
github.com/lastnameswayne/mininearestneighbors/src/hnsw/hnsw.go:157.37,158.13 1 1
github.com/lastnameswayne/mininearestneighbors/src/hnsw/hnsw.go:161.4,166.57 4 1
github.com/lastnameswayne/mininearestneighbors/src/hnsw/hnsw.go:166.57,170.26 3 1
github.com/lastnameswayne/mininearestneighbors/src/hnsw/hnsw.go:170.26,172.6 1 1
github.com/lastnameswayne/mininearestneighbors/src/hnsw/hnsw.go:177.2,177.10 1 1
github.com/lastnameswayne/mininearestneighbors/src/hnsw/hnsw.go:181.104,190.2 5 1
github.com/lastnameswayne/mininearestneighbors/src/hnsw/hnsw.go:191.82,193.23 2 1
github.com/lastnameswayne/mininearestneighbors/src/hnsw/hnsw.go:193.23,196.3 2 1
github.com/lastnameswayne/mininearestneighbors/src/hnsw/hnsw.go:198.2,198.43 1 1
github.com/lastnameswayne/mininearestneighbors/src/hnsw/hnsw.go:198.43,200.3 1 1
github.com/lastnameswayne/mininearestneighbors/src/hnsw/hnsw.go:202.2,202.41 1 1
github.com/lastnameswayne/mininearestneighbors/src/hnsw/hnsw.go:205.50,210.15 4 1
github.com/lastnameswayne/mininearestneighbors/src/hnsw/hnsw.go:210.15,212.3 1 1
github.com/lastnameswayne/mininearestneighbors/src/hnsw/hnsw.go:214.2,214.19 1 1
github.com/lastnameswayne/mininearestneighbors/src/hnsw/hnsw.go:217.37,220.2 2 1
github.com/lastnameswayne/mininearestneighbors/src/hnsw/hnsw.go:222.57,225.29 2 1
github.com/lastnameswayne/mininearestneighbors/src/hnsw/hnsw.go:225.29,227.3 1 1
github.com/lastnameswayne/mininearestneighbors/src/hnsw/hnsw.go:229.2,229.12 1 1
github.com/lastnameswayne/mininearestneighbors/src/hnsw/hnsw.go:232.80,234.37 2 1
github.com/lastnameswayne/mininearestneighbors/src/hnsw/hnsw.go:234.37,236.3 1 1
github.com/lastnameswayne/mininearestneighbors/src/hnsw/hnsw.go:238.2,238.36 1 1
github.com/lastnameswayne/mininearestneighbors/src/hnsw/hnsw.go:238.36,240.3 1 1
github.com/lastnameswayne/mininearestneighbors/src/hnsw/hnsw.go:243.75,244.36 1 1
github.com/lastnameswayne/mininearestneighbors/src/hnsw/hnsw.go:244.36,246.3 1 1
github.com/lastnameswayne/mininearestneighbors/src/hnsw/hnsw.go:248.2,248.27 1 1
